<?xml version="1.0" encoding="UTF-8"?>
<TestRun id="4c2fbae1-a63b-44ad-8f13-f9bc046348b8" name="Augurit2228@AUGURIT2228-PC 2017-09-06 16:20:41" runUser="Augurit2228-PC\Augurit2228" xmlns="http://microsoft.com/schemas/VisualStudio/TeamTest/2010">
  <TestSettings name="本地" id="01b32efd-15da-426c-a44a-71b133e2d469">
    <Description>这些设置为本地测试运行的默认测试设置。</Description>
    <Deployment enabled="false" runDeploymentRoot="Augurit2228_AUGURIT2228-PC 2017-09-06 16_20_41" />
    <Execution>
      <TestTypeSpecific />
      <AgentRule name="Execution Agents">
      </AgentRule>
    </Execution>
  </TestSettings>
  <Times creation="2017-09-06T16:20:41.7776002+08:00" queuing="2017-09-06T16:20:43.5506002+08:00" start="2017-09-06T16:20:43.7056002+08:00" finish="2017-09-06T16:20:44.3116002+08:00" />
  <ResultSummary outcome="Failed">
    <Counters total="1" executed="1" error="0" failed="1" timeout="0" aborted="0" inconclusive="0" passedButRunAborted="0" notRunnable="0" notExecuted="0" disconnected="0" warning="0" passed="0" completed="0" inProgress="0" pending="0" />
  </ResultSummary>
  <TestDefinitions>
    <UnitTest name="TestMethod1" storage="d:\code\firebridcloud\testproject1\bin\debug\testproject1.dll" id="59863143-3238-122e-4d8a-637b491cc755">
      <Execution id="d09a9618-fc3c-4777-b837-42bda5fcc1f0" />
      <TestMethod codeBase="D:/Code/FireBridCloud/TestProject1/bin/Debug/TestProject1.DLL" adapterTypeName="Microsoft.VisualStudio.TestTools.TestTypes.Unit.UnitTestAdapter, Microsoft.VisualStudio.QualityTools.Tips.UnitTest.Adapter, Version=10.0.0.0, Culture=neutral, PublicKeyToken=b03f5f7f11d50a3a" className="TestProject1.UnitTest1, TestProject1, Version=1.0.0.0, Culture=neutral, PublicKeyToken=null" name="TestMethod1" />
    </UnitTest>
  </TestDefinitions>
  <TestLists>
    <TestList name="列表中未列出的结果" id="8c84fa94-04c1-424b-9868-57a2d4851a1d" />
    <TestList name="所有已加载的结果" id="19431567-8539-422a-85d7-44ee4e166bda" />
  </TestLists>
  <TestEntries>
    <TestEntry testId="59863143-3238-122e-4d8a-637b491cc755" executionId="d09a9618-fc3c-4777-b837-42bda5fcc1f0" testListId="8c84fa94-04c1-424b-9868-57a2d4851a1d" />
  </TestEntries>
  <Results>
    <UnitTestResult executionId="d09a9618-fc3c-4777-b837-42bda5fcc1f0" testId="59863143-3238-122e-4d8a-637b491cc755" testName="TestMethod1" computerName="AUGURIT2228-PC" duration="00:00:00.0867280" startTime="2017-09-06T16:20:43.7496002+08:00" endTime="2017-09-06T16:20:44.2466002+08:00" testType="13cdc9d9-ddb5-4fa4-a97d-d965ccfc6d4b" outcome="Failed" testListId="8c84fa94-04c1-424b-9868-57a2d4851a1d" relativeResultsDirectory="d09a9618-fc3c-4777-b837-42bda5fcc1f0">
      <Output>
        <ErrorInfo>
          <Message>Assert.AreEqual 失败。应为: &lt;True (System.Boolean)&gt;，实际为: &lt;2 (System.Int32)&gt;。</Message>
          <StackTrace>   在 TestProject1.UnitTest1.TestMethod1() 位置 D:\Code\FireBridCloud\TestProject1\UnitTest1.cs:行号 15
</StackTrace>
        </ErrorInfo>
      </Output>
    </UnitTestResult>
  </Results>
</TestRun>