<?xml version="1.0" encoding="UTF-8"?>
<TestRun id="ce45ea41-3839-48a8-8a86-6361a68d468d" name="Augurit2228@AUGURIT2228-PC 2017-09-06 16:21:41" runUser="Augurit2228-PC\Augurit2228" xmlns="http://microsoft.com/schemas/VisualStudio/TeamTest/2010">
  <TestSettings name="本地" id="01b32efd-15da-426c-a44a-71b133e2d469">
    <Description>这些设置为本地测试运行的默认测试设置。</Description>
    <Deployment userDeploymentRoot="D:\Code\FireBridCloud\TestResults" useDefaultDeploymentRoot="false" enabled="false" runDeploymentRoot="Augurit2228_AUGURIT2228-PC 2017-09-06 16_21_41" />
    <Execution>
      <TestTypeSpecific />
      <AgentRule name="Execution Agents">
      </AgentRule>
    </Execution>
  </TestSettings>
  <Times creation="2017-09-06T16:21:41.2856002+08:00" queuing="2017-09-06T16:21:43.8346002+08:00" start="2017-09-06T16:21:44.0716002+08:00" finish="2017-09-06T16:21:46.0806002+08:00" />
  <ResultSummary outcome="Completed">
    <Counters total="1" executed="1" passed="1" error="0" failed="0" timeout="0" aborted="0" inconclusive="0" passedButRunAborted="0" notRunnable="0" notExecuted="0" disconnected="0" warning="0" completed="0" inProgress="0" pending="0" />
  </ResultSummary>
  <TestDefinitions>
    <UnitTest name="TestMethod1" storage="d:\code\firebridcloud\testproject1\bin\debug\testproject1.dll" id="59863143-3238-122e-4d8a-637b491cc755">
      <Execution id="e961bf7f-c238-4eb1-804b-a31b3d438f9c" />
      <TestMethod codeBase="D:/Code/FireBridCloud/TestProject1/bin/Debug/TestProject1.DLL" adapterTypeName="Microsoft.VisualStudio.TestTools.TestTypes.Unit.UnitTestAdapter, Microsoft.VisualStudio.QualityTools.Tips.UnitTest.Adapter, Version=10.0.0.0, Culture=neutral, PublicKeyToken=b03f5f7f11d50a3a" className="TestProject1.UnitTest1, TestProject1, Version=1.0.0.0, Culture=neutral, PublicKeyToken=null" name="TestMethod1" />
    </UnitTest>
  </TestDefinitions>
  <TestLists>
    <TestList name="列表中未列出的结果" id="8c84fa94-04c1-424b-9868-57a2d4851a1d" />
    <TestList name="所有已加载的结果" id="19431567-8539-422a-85d7-44ee4e166bda" />
  </TestLists>
  <TestEntries>
    <TestEntry testId="59863143-3238-122e-4d8a-637b491cc755" executionId="e961bf7f-c238-4eb1-804b-a31b3d438f9c" testListId="8c84fa94-04c1-424b-9868-57a2d4851a1d" />
  </TestEntries>
  <Results>
    <UnitTestResult executionId="e961bf7f-c238-4eb1-804b-a31b3d438f9c" testId="59863143-3238-122e-4d8a-637b491cc755" testName="TestMethod1" computerName="AUGURIT2228-PC" duration="00:00:00.0076908" startTime="2017-09-06T16:21:44.2076002+08:00" endTime="2017-09-06T16:21:45.9786002+08:00" testType="13cdc9d9-ddb5-4fa4-a97d-d965ccfc6d4b" outcome="Passed" testListId="8c84fa94-04c1-424b-9868-57a2d4851a1d" relativeResultsDirectory="e961bf7f-c238-4eb1-804b-a31b3d438f9c">
    </UnitTestResult>
  </Results>
</TestRun>